[debug] [2026-03-18T18:25:00.235Z] ----------------------------------------------------------------------
[debug] [2026-03-18T18:25:00.239Z] Command:       C:\Program Files\nodejs\node.exe C:\Users\den-a\AppData\Roaming\npm\node_modules\firebase-tools\lib\bin\firebase.js init
[debug] [2026-03-18T18:25:00.239Z] CLI Version:   15.10.1
[debug] [2026-03-18T18:25:00.240Z] Platform:      win32
[debug] [2026-03-18T18:25:00.240Z] Node Version:  v22.14.0
[debug] [2026-03-18T18:25:00.240Z] Time:          Thu Mar 19 2026 02:25:00 GMT+0800 (Philippine Standard Time)
[debug] [2026-03-18T18:25:00.240Z] ----------------------------------------------------------------------
[debug] 
[info] 
     ######## #### ########  ######## ########     ###     ######  ########
     ##        ##  ##     ## ##       ##     ##  ##   ##  ##       ##
     ######    ##  ########  ######   ########  #########  ######  ######
     ##        ##  ##    ##  ##       ##     ## ##     ##       ## ##
     ##       #### ##     ## ######## ########  ##     ##  ######  ########

You're about to initialize a Firebase project in this directory:

  C:\Users\den-a\iot

[debug] [2026-03-18T18:32:14.286Z] ExitPromptError: User force closed the prompt with SIGINT
    at Interface.sigint (C:\Users\den-a\AppData\Roaming\npm\node_modules\firebase-tools\node_modules\@inquirer\core\dist\commonjs\lib\create-prompt.js:101:37)
    at Interface.emit (node:events:518:28)
    at [_ttyWrite] [as _ttyWrite] (node:internal/readline/interface:1124:18)
    at ReadStream.onkeypress (node:internal/readline/interface:263:20)
    at ReadStream.emit (node:events:530:35)
    at emitKeys (node:internal/readline/utils:370:14)
    at emitKeys.next (<anonymous>)
    at ReadStream.onData (node:internal/readline/emitKeypressEvents:64:36)
    at ReadStream.emit (node:events:518:28)
    at addChunk (node:internal/streams/readable:561:12)
[error] 
[error] Error: An unexpected error has occurred.
